Build started 3/24/2020 7:54:47 PM.
     1>Project "C:\Users\sandipsa.cs\Desktop\Lab9\CPU_Sort\CPU_Sort.vcxproj" on node 3 (Build target(s)).
     1>AddCudaCompileDeps:
         C:\Program Files (x86)\Microsoft Visual Studio 12.0\VC\bin\x86_amd64\cl.exe /E /nologo /showIncludes /TP /D__CUDACC__ /DWIN32 /DWIN64 /DNDEBUG /D_CONSOLE /D_MBCS /I"C:\Program Files\NVIDIA GPU Computing Toolkit\CUDA\v7.5\include" /I"C:\Program Files\NVIDIA GPU Computing Toolkit\CUDA\v7.5\bin" /I"C:\Program Files\NVIDIA GPU Computing Toolkit\CUDA\v7.5\include" /I. /FIcuda_runtime.h /c C:\Users\sandipsa.cs\Desktop\Lab9\CPU_Sort\main.cpp 
       CudaBuild:
         Compiling CUDA source file main.cpp...
         cmd.exe /C "C:\Users\sandipsa.cs\AppData\Local\Temp\tmp93a2e4ebaefe4878b6cf1723bf6af55f.cmd"
         "C:\Program Files\NVIDIA GPU Computing Toolkit\CUDA\v7.5\bin\nvcc.exe" -gencode=arch=compute_20,code=\"sm_20,compute_20\" --use-local-env --cl-version 2013 -ccbin "C:\Program Files (x86)\Microsoft Visual Studio 12.0\VC\bin\x86_amd64"  -I"C:\Program Files\NVIDIA GPU Computing Toolkit\CUDA\v7.5\include" -I"C:\Program Files\NVIDIA GPU Computing Toolkit\CUDA\v7.5\include"     --keep-dir x64\Submission -maxrregcount=0  --machine 64 --compile -cudart static     -DWIN32 -DWIN64 -DNDEBUG -D_CONSOLE -D_MBCS -Xcompiler "/EHsc /W3 /nologo /O2 /Zi  /MD " -o Submission\main.cpp.obj "C:\Users\sandipsa.cs\Desktop\Lab9\CPU_Sort\main.cpp"
         
         C:\Users\sandipsa.cs\Desktop\Lab9\CPU_Sort>"C:\Program Files\NVIDIA GPU Computing Toolkit\CUDA\v7.5\bin\nvcc.exe" -gencode=arch=compute_20,code=\"sm_20,compute_20\" --use-local-env --cl-version 2013 -ccbin "C:\Program Files (x86)\Microsoft Visual Studio 12.0\VC\bin\x86_amd64"  -I"C:\Program Files\NVIDIA GPU Computing Toolkit\CUDA\v7.5\include" -I"C:\Program Files\NVIDIA GPU Computing Toolkit\CUDA\v7.5\include"     --keep-dir x64\Submission -maxrregcount=0  --machine 64 --compile -cudart static     -DWIN32 -DWIN64 -DNDEBUG -D_CONSOLE -D_MBCS -Xcompiler "/EHsc /W3 /nologo /O2 /Zi  /MD " -o Submission\main.cpp.obj "C:\Users\sandipsa.cs\Desktop\Lab9\CPU_Sort\main.cpp" 
         main.cpp
       Link:
         C:\Program Files (x86)\Microsoft Visual Studio 12.0\VC\bin\x86_amd64\link.exe /ERRORREPORT:PROMPT /OUT:"C:\Users\sandipsa.cs\Desktop\Lab9\Submission\CPU_Sort.exe" /NOLOGO /LIBPATH:"C:\Program Files\NVIDIA GPU Computing Toolkit\CUDA\v7.5\lib\x64" wb.lib cudart.lib kernel32.lib user32.lib gdi32.lib winspool.lib comdlg32.lib advapi32.lib shell32.lib ole32.lib oleaut32.lib uuid.lib odbc32.lib odbccp32.lib kernel32.lib user32.lib gdi32.lib winspool.lib comdlg32.lib advapi32.lib shell32.lib ole32.lib oleaut32.lib uuid.lib odbc32.lib odbccp32.lib /MANIFEST /MANIFESTUAC:"level='asInvoker' uiAccess='false'" /manifest:embed /DEBUG /PDB:"C:\Users\sandipsa.cs\Desktop\Lab9\Submission\CPU_Sort.pdb" /SUBSYSTEM:CONSOLE /OPT:REF /OPT:ICF /LTCG /TLBID:1 /DYNAMICBASE /NXCOMPAT /IMPLIB:"C:\Users\sandipsa.cs\Desktop\Lab9\Submission\CPU_Sort.lib" /MACHINE:X64 Submission\main.cpp.obj
         LINK : /LTCG specified but no code generation required; remove /LTCG from the link command line to improve linker performance
         CPU_Sort.vcxproj -> C:\Users\sandipsa.cs\Desktop\Lab9\Submission\CPU_Sort.exe
       PostBuildEvent:
         echo copy "C:\Program Files\NVIDIA GPU Computing Toolkit\CUDA\v7.5\bin\cudart64*.dll" "C:\Users\sandipsa.cs\Desktop\Lab9\Submission\"
         copy "C:\Program Files\NVIDIA GPU Computing Toolkit\CUDA\v7.5\bin\cudart64*.dll" "C:\Users\sandipsa.cs\Desktop\Lab9\Submission\"
         copy C:\Users\sandipsa.cs\Desktop\Lab9\CPU_Sort\kernel.cu C:\Users\sandipsa.cs\Desktop\Lab9\Submission\Exclusive_kernel.cu
         DEL C:\Users\sandipsa.cs\Desktop\Lab9\Submission\*.pdb
         :VCEnd
         copy "C:\Program Files\NVIDIA GPU Computing Toolkit\CUDA\v7.5\bin\cudart64*.dll" "C:\Users\sandipsa.cs\Desktop\Lab9\Submission\"
         C:\Program Files\NVIDIA GPU Computing Toolkit\CUDA\v7.5\bin\cudart64_75.dll
                 1 file(s) copied.
         The system cannot find the file specified.
     1>Done Building Project "C:\Users\sandipsa.cs\Desktop\Lab9\CPU_Sort\CPU_Sort.vcxproj" (Build target(s)).

Build succeeded.

Time Elapsed 00:00:07.06
